[0409/175215.757:ERROR:process_reader_win.cc(123)] NtOpenThread: {Отказ доступа} Процесс запросил доступ к объекту, однако права доступа не предоставлены. (0xc0000022)
[0409/175215.779:ERROR:exception_snapshot_win.cc(98)] thread ID 7440 not found in process
[0409/175215.746:ERROR:process_reader_win.cc(123)] NtOpenThread: {Отказ доступа} Процесс запросил доступ к объекту, однако права доступа не предоставлены. (0xc0000022)
[0409/175215.779:ERROR:exception_snapshot_win.cc(98)] thread ID 7592 not found in process
[0409/175215.779:ERROR:scoped_process_suspend.cc(40)] NtResumeProcess: Попытка доступа к процессу, выполняющему процедуру завершения. (0xc000010a)
[0409/175215.778:ERROR:scoped_process_suspend.cc(40)] NtResumeProcess: Попытка доступа к процессу, выполняющему процедуру завершения. (0xc000010a)
[0409/175215.778:ERROR:scoped_process_suspend.cc(40)] NtResumeProcess: Попытка доступа к процессу, выполняющему процедуру завершения. (0xc000010a)
[0409/175215.779:ERROR:scoped_process_suspend.cc(40)] NtResumeProcess: Попытка доступа к процессу, выполняющему процедуру завершения. (0xc000010a)
[0409/175215.778:ERROR:scoped_process_suspend.cc(40)] NtResumeProcess: Попытка доступа к процессу, выполняющему процедуру завершения. (0xc000010a)
[0410/105346.077:ERROR:process_reader_win.cc(151)] SuspendThread: Отказано в доступе. (0x5)
[0410/105346.090:ERROR:process_reader_win.cc(123)] NtOpenThread: {Отказ доступа} Процесс запросил доступ к объекту, однако права доступа не предоставлены. (0xc0000022)
[0410/105346.128:ERROR:exception_snapshot_win.cc(98)] thread ID 3892 not found in process
[0410/105346.128:ERROR:process_reader_win.cc(123)] NtOpenThread: Указан неверный код клиента. (0xc000000b)
[0410/105346.081:ERROR:process_reader_win.cc(123)] NtOpenThread: {Отказ доступа} Процесс запросил доступ к объекту, однако права доступа не предоставлены. (0xc0000022)
[0410/105346.128:ERROR:exception_snapshot_win.cc(98)] thread ID 7564 not found in process
[0410/105346.128:ERROR:exception_snapshot_win.cc(98)] thread ID 6320 not found in process
[0410/105346.105:ERROR:process_reader_win.cc(123)] NtOpenThread: {Отказ доступа} Процесс запросил доступ к объекту, однако права доступа не предоставлены. (0xc0000022)
[0410/105346.129:ERROR:exception_snapshot_win.cc(98)] thread ID 7644 not found in process
[0410/105346.078:ERROR:process_reader_win.cc(123)] NtOpenThread: {Отказ доступа} Процесс запросил доступ к объекту, однако права доступа не предоставлены. (0xc0000022)
[0410/105346.129:ERROR:exception_snapshot_win.cc(98)] thread ID 6780 not found in process
[0410/105346.128:ERROR:scoped_process_suspend.cc(40)] NtResumeProcess: Попытка доступа к процессу, выполняющему процедуру завершения. (0xc000010a)
[0410/105346.129:ERROR:scoped_process_suspend.cc(40)] NtResumeProcess: Попытка доступа к процессу, выполняющему процедуру завершения. (0xc000010a)
[0410/105346.129:ERROR:scoped_process_suspend.cc(40)] NtResumeProcess: Попытка доступа к процессу, выполняющему процедуру завершения. (0xc000010a)
[0410/105346.128:ERROR:scoped_process_suspend.cc(40)] NtResumeProcess: Попытка доступа к процессу, выполняющему процедуру завершения. (0xc000010a)
[0410/113459.808:ERROR:process_reader_win.cc(151)] SuspendThread: Отказано в доступе. (0x5)
[0410/113459.808:ERROR:process_reader_win.cc(123)] NtOpenThread: {Отказ доступа} Процесс запросил доступ к объекту, однако права доступа не предоставлены. (0xc0000022)
[0410/113459.808:ERROR:exception_snapshot_win.cc(98)] thread ID 6360 not found in process
[0410/113459.808:ERROR:process_reader_win.cc(151)] SuspendThread: Отказано в доступе. (0x5)
[0410/113459.808:ERROR:process_reader_win.cc(123)] NtOpenThread: {Отказ доступа} Процесс запросил доступ к объекту, однако права доступа не предоставлены. (0xc0000022)
[0410/113459.808:ERROR:exception_snapshot_win.cc(98)] thread ID 7932 not found in process
[0410/113459.808:ERROR:process_reader_win.cc(123)] NtOpenThread: {Отказ доступа} Процесс запросил доступ к объекту, однако права доступа не предоставлены. (0xc0000022)
[0410/113459.808:ERROR:exception_snapshot_win.cc(98)] thread ID 7508 not found in process
[0410/113459.823:ERROR:process_reader_win.cc(123)] NtOpenThread: {Отказ доступа} Процесс запросил доступ к объекту, однако права доступа не предоставлены. (0xc0000022)
[0410/113459.823:ERROR:exception_snapshot_win.cc(98)] thread ID 7376 not found in process
[0410/113459.829:ERROR:process_reader_win.cc(123)] NtOpenThread: {Отказ доступа} Процесс запросил доступ к объекту, однако права доступа не предоставлены. (0xc0000022)
[0410/113459.829:ERROR:exception_snapshot_win.cc(98)] thread ID 8104 not found in process
